2025-06-12 18:00:09 [[31merror[39m]: C:\FullStack N21\Exam\trainingService\controllers\enrollment.controller.js:18
    }{
    ^

SyntaxError: missing ) after argument list
    at wrapSafe (node:internal/modules/cjs/loader:1486:18)
    at Module._compile (node:internal/modules/cjs/loader:1528:20)
    at Object..js (node:internal/modules/cjs/loader:1706:10)
    at Module.load (node:internal/modules/cjs/loader:1289:32)
    at Function._load (node:internal/modules/cjs/loader:1108:12)
    at TracingChannel.traceSync (node:diagnostics_channel:322:14)
    at wrapModuleLoad (node:internal/modules/cjs/loader:220:24)
    at Module.require (node:internal/modules/cjs/loader:1311:12)
    at require (node:internal/modules/helpers:136:16)
    at Object.<anonymous> (C:\FullStack N21\Exam\trainingService\routes\enrollment.routes.js:10:5)
2025-06-12 18:00:09 [[31merror[39m]: C:\FullStack N21\Exam\trainingService\controllers\enrollment.controller.js:18
    }{
    ^

SyntaxError: missing ) after argument list
    at wrapSafe (node:internal/modules/cjs/loader:1486:18)
    at Module._compile (node:internal/modules/cjs/loader:1528:20)
    at Object..js (node:internal/modules/cjs/loader:1706:10)
    at Module.load (node:internal/modules/cjs/loader:1289:32)
    at Function._load (node:internal/modules/cjs/loader:1108:12)
    at TracingChannel.traceSync (node:diagnostics_channel:322:14)
    at wrapModuleLoad (node:internal/modules/cjs/loader:220:24)
    at Module.require (node:internal/modules/cjs/loader:1311:12)
    at require (node:internal/modules/helpers:136:16)
    at Object.<anonymous> (C:\FullStack N21\Exam\trainingService\routes\enrollment.routes.js:10:5)
2025-06-12 18:00:12 [[31merror[39m]: C:\FullStack N21\Exam\trainingService\controllers\enrollment.controller.js:18
    }{
    ^

SyntaxError: missing ) after argument list
    at wrapSafe (node:internal/modules/cjs/loader:1486:18)
    at Module._compile (node:internal/modules/cjs/loader:1528:20)
    at Object..js (node:internal/modules/cjs/loader:1706:10)
    at Module.load (node:internal/modules/cjs/loader:1289:32)
    at Function._load (node:internal/modules/cjs/loader:1108:12)
    at TracingChannel.traceSync (node:diagnostics_channel:322:14)
    at wrapModuleLoad (node:internal/modules/cjs/loader:220:24)
    at Module.require (node:internal/modules/cjs/loader:1311:12)
    at require (node:internal/modules/helpers:136:16)
    at Object.<anonymous> (C:\FullStack N21\Exam\trainingService\routes\enrollment.routes.js:10:5)
2025-06-12 18:00:12 [[31merror[39m]: C:\FullStack N21\Exam\trainingService\controllers\enrollment.controller.js:18
    }{
    ^

SyntaxError: missing ) after argument list
    at wrapSafe (node:internal/modules/cjs/loader:1486:18)
    at Module._compile (node:internal/modules/cjs/loader:1528:20)
    at Object..js (node:internal/modules/cjs/loader:1706:10)
    at Module.load (node:internal/modules/cjs/loader:1289:32)
    at Function._load (node:internal/modules/cjs/loader:1108:12)
    at TracingChannel.traceSync (node:diagnostics_channel:322:14)
    at wrapModuleLoad (node:internal/modules/cjs/loader:220:24)
    at Module.require (node:internal/modules/cjs/loader:1311:12)
    at require (node:internal/modules/helpers:136:16)
    at Object.<anonymous> (C:\FullStack N21\Exam\trainingService\routes\enrollment.routes.js:10:5)
2025-06-12 18:00:14 [[31merror[39m]: C:\FullStack N21\Exam\trainingService\controllers\enrollment.controller.js:18
    }{fields: ['adminId', 'userId', 'trainingId', 'enrollment_date', 'status']});
    ^

SyntaxError: missing ) after argument list
    at wrapSafe (node:internal/modules/cjs/loader:1486:18)
    at Module._compile (node:internal/modules/cjs/loader:1528:20)
    at Object..js (node:internal/modules/cjs/loader:1706:10)
    at Module.load (node:internal/modules/cjs/loader:1289:32)
    at Function._load (node:internal/modules/cjs/loader:1108:12)
    at TracingChannel.traceSync (node:diagnostics_channel:322:14)
    at wrapModuleLoad (node:internal/modules/cjs/loader:220:24)
    at Module.require (node:internal/modules/cjs/loader:1311:12)
    at require (node:internal/modules/helpers:136:16)
    at Object.<anonymous> (C:\FullStack N21\Exam\trainingService\routes\enrollment.routes.js:10:5)
2025-06-12 18:00:14 [[31merror[39m]: C:\FullStack N21\Exam\trainingService\controllers\enrollment.controller.js:18
    }{fields: ['adminId', 'userId', 'trainingId', 'enrollment_date', 'status']});
    ^

SyntaxError: missing ) after argument list
    at wrapSafe (node:internal/modules/cjs/loader:1486:18)
    at Module._compile (node:internal/modules/cjs/loader:1528:20)
    at Object..js (node:internal/modules/cjs/loader:1706:10)
    at Module.load (node:internal/modules/cjs/loader:1289:32)
    at Function._load (node:internal/modules/cjs/loader:1108:12)
    at TracingChannel.traceSync (node:diagnostics_channel:322:14)
    at wrapModuleLoad (node:internal/modules/cjs/loader:220:24)
    at Module.require (node:internal/modules/cjs/loader:1311:12)
    at require (node:internal/modules/helpers:136:16)
    at Object.<anonymous> (C:\FullStack N21\Exam\trainingService\routes\enrollment.routes.js:10:5)
2025-06-12 18:06:17 [[31merror[39m]: C:\FullStack N21\Exam\trainingService\controllers\enrollment.controller.js:121
      include: [
      ^^^^^^^

SyntaxError: Unexpected identifier 'include'
    at wrapSafe (node:internal/modules/cjs/loader:1486:18)
    at Module._compile (node:internal/modules/cjs/loader:1528:20)
    at Object..js (node:internal/modules/cjs/loader:1706:10)
    at Module.load (node:internal/modules/cjs/loader:1289:32)
    at Function._load (node:internal/modules/cjs/loader:1108:12)
    at TracingChannel.traceSync (node:diagnostics_channel:322:14)
    at wrapModuleLoad (node:internal/modules/cjs/loader:220:24)
    at Module.require (node:internal/modules/cjs/loader:1311:12)
    at require (node:internal/modules/helpers:136:16)
    at Object.<anonymous> (C:\FullStack N21\Exam\trainingService\routes\enrollment.routes.js:10:5)
2025-06-12 18:06:17 [[31merror[39m]: C:\FullStack N21\Exam\trainingService\controllers\enrollment.controller.js:121
      include: [
      ^^^^^^^

SyntaxError: Unexpected identifier 'include'
    at wrapSafe (node:internal/modules/cjs/loader:1486:18)
    at Module._compile (node:internal/modules/cjs/loader:1528:20)
    at Object..js (node:internal/modules/cjs/loader:1706:10)
    at Module.load (node:internal/modules/cjs/loader:1289:32)
    at Function._load (node:internal/modules/cjs/loader:1108:12)
    at TracingChannel.traceSync (node:diagnostics_channel:322:14)
    at wrapModuleLoad (node:internal/modules/cjs/loader:220:24)
    at Module.require (node:internal/modules/cjs/loader:1311:12)
    at require (node:internal/modules/helpers:136:16)
    at Object.<anonymous> (C:\FullStack N21\Exam\trainingService\routes\enrollment.routes.js:10:5)
2025-06-12 18:06:20 [[31merror[39m]: C:\FullStack N21\Exam\trainingService\controllers\enrollment.controller.js:121
      include: [
      ^^^^^^^

SyntaxError: Unexpected identifier 'include'
    at wrapSafe (node:internal/modules/cjs/loader:1486:18)
    at Module._compile (node:internal/modules/cjs/loader:1528:20)
    at Object..js (node:internal/modules/cjs/loader:1706:10)
    at Module.load (node:internal/modules/cjs/loader:1289:32)
    at Function._load (node:internal/modules/cjs/loader:1108:12)
    at TracingChannel.traceSync (node:diagnostics_channel:322:14)
    at wrapModuleLoad (node:internal/modules/cjs/loader:220:24)
    at Module.require (node:internal/modules/cjs/loader:1311:12)
    at require (node:internal/modules/helpers:136:16)
    at Object.<anonymous> (C:\FullStack N21\Exam\trainingService\routes\enrollment.routes.js:10:5)
2025-06-12 18:06:20 [[31merror[39m]: C:\FullStack N21\Exam\trainingService\controllers\enrollment.controller.js:121
      include: [
      ^^^^^^^

SyntaxError: Unexpected identifier 'include'
    at wrapSafe (node:internal/modules/cjs/loader:1486:18)
    at Module._compile (node:internal/modules/cjs/loader:1528:20)
    at Object..js (node:internal/modules/cjs/loader:1706:10)
    at Module.load (node:internal/modules/cjs/loader:1289:32)
    at Function._load (node:internal/modules/cjs/loader:1108:12)
    at TracingChannel.traceSync (node:diagnostics_channel:322:14)
    at wrapModuleLoad (node:internal/modules/cjs/loader:220:24)
    at Module.require (node:internal/modules/cjs/loader:1311:12)
    at require (node:internal/modules/helpers:136:16)
    at Object.<anonymous> (C:\FullStack N21\Exam\trainingService\routes\enrollment.routes.js:10:5)
2025-06-12 18:06:24 [[31merror[39m]: C:\FullStack N21\Exam\trainingService\controllers\enrollment.controller.js:121
      include: [
      ^^^^^^^

SyntaxError: Unexpected identifier 'include'
    at wrapSafe (node:internal/modules/cjs/loader:1486:18)
    at Module._compile (node:internal/modules/cjs/loader:1528:20)
    at Object..js (node:internal/modules/cjs/loader:1706:10)
    at Module.load (node:internal/modules/cjs/loader:1289:32)
    at Function._load (node:internal/modules/cjs/loader:1108:12)
    at TracingChannel.traceSync (node:diagnostics_channel:322:14)
    at wrapModuleLoad (node:internal/modules/cjs/loader:220:24)
    at Module.require (node:internal/modules/cjs/loader:1311:12)
    at require (node:internal/modules/helpers:136:16)
    at Object.<anonymous> (C:\FullStack N21\Exam\trainingService\routes\enrollment.routes.js:10:5)
2025-06-12 18:06:24 [[31merror[39m]: C:\FullStack N21\Exam\trainingService\controllers\enrollment.controller.js:121
      include: [
      ^^^^^^^

SyntaxError: Unexpected identifier 'include'
    at wrapSafe (node:internal/modules/cjs/loader:1486:18)
    at Module._compile (node:internal/modules/cjs/loader:1528:20)
    at Object..js (node:internal/modules/cjs/loader:1706:10)
    at Module.load (node:internal/modules/cjs/loader:1289:32)
    at Function._load (node:internal/modules/cjs/loader:1108:12)
    at TracingChannel.traceSync (node:diagnostics_channel:322:14)
    at wrapModuleLoad (node:internal/modules/cjs/loader:220:24)
    at Module.require (node:internal/modules/cjs/loader:1311:12)
    at require (node:internal/modules/helpers:136:16)
    at Object.<anonymous> (C:\FullStack N21\Exam\trainingService\routes\enrollment.routes.js:10:5)
2025-06-12 18:06:28 [[31merror[39m]: C:\FullStack N21\Exam\trainingService\controllers\enrollment.controller.js:121
      include: [
      ^^^^^^^

SyntaxError: Unexpected identifier 'include'
    at wrapSafe (node:internal/modules/cjs/loader:1486:18)
    at Module._compile (node:internal/modules/cjs/loader:1528:20)
    at Object..js (node:internal/modules/cjs/loader:1706:10)
    at Module.load (node:internal/modules/cjs/loader:1289:32)
    at Function._load (node:internal/modules/cjs/loader:1108:12)
    at TracingChannel.traceSync (node:diagnostics_channel:322:14)
    at wrapModuleLoad (node:internal/modules/cjs/loader:220:24)
    at Module.require (node:internal/modules/cjs/loader:1311:12)
    at require (node:internal/modules/helpers:136:16)
    at Object.<anonymous> (C:\FullStack N21\Exam\trainingService\routes\enrollment.routes.js:10:5)
2025-06-12 18:06:28 [[31merror[39m]: C:\FullStack N21\Exam\trainingService\controllers\enrollment.controller.js:121
      include: [
      ^^^^^^^

SyntaxError: Unexpected identifier 'include'
    at wrapSafe (node:internal/modules/cjs/loader:1486:18)
    at Module._compile (node:internal/modules/cjs/loader:1528:20)
    at Object..js (node:internal/modules/cjs/loader:1706:10)
    at Module.load (node:internal/modules/cjs/loader:1289:32)
    at Function._load (node:internal/modules/cjs/loader:1108:12)
    at TracingChannel.traceSync (node:diagnostics_channel:322:14)
    at wrapModuleLoad (node:internal/modules/cjs/loader:220:24)
    at Module.require (node:internal/modules/cjs/loader:1311:12)
    at require (node:internal/modules/helpers:136:16)
    at Object.<anonymous> (C:\FullStack N21\Exam\trainingService\routes\enrollment.routes.js:10:5)
2025-06-12 18:06:30 [[31merror[39m]: C:\FullStack N21\Exam\trainingService\controllers\enrollment.controller.js:121
      include: [
      ^^^^^^^

SyntaxError: Unexpected identifier 'include'
    at wrapSafe (node:internal/modules/cjs/loader:1486:18)
    at Module._compile (node:internal/modules/cjs/loader:1528:20)
    at Object..js (node:internal/modules/cjs/loader:1706:10)
    at Module.load (node:internal/modules/cjs/loader:1289:32)
    at Function._load (node:internal/modules/cjs/loader:1108:12)
    at TracingChannel.traceSync (node:diagnostics_channel:322:14)
    at wrapModuleLoad (node:internal/modules/cjs/loader:220:24)
    at Module.require (node:internal/modules/cjs/loader:1311:12)
    at require (node:internal/modules/helpers:136:16)
    at Object.<anonymous> (C:\FullStack N21\Exam\trainingService\routes\enrollment.routes.js:10:5)
2025-06-12 18:06:30 [[31merror[39m]: C:\FullStack N21\Exam\trainingService\controllers\enrollment.controller.js:121
      include: [
      ^^^^^^^

SyntaxError: Unexpected identifier 'include'
    at wrapSafe (node:internal/modules/cjs/loader:1486:18)
    at Module._compile (node:internal/modules/cjs/loader:1528:20)
    at Object..js (node:internal/modules/cjs/loader:1706:10)
    at Module.load (node:internal/modules/cjs/loader:1289:32)
    at Function._load (node:internal/modules/cjs/loader:1108:12)
    at TracingChannel.traceSync (node:diagnostics_channel:322:14)
    at wrapModuleLoad (node:internal/modules/cjs/loader:220:24)
    at Module.require (node:internal/modules/cjs/loader:1311:12)
    at require (node:internal/modules/helpers:136:16)
    at Object.<anonymous> (C:\FullStack N21\Exam\trainingService\routes\enrollment.routes.js:10:5)
2025-06-12 18:06:32 [[31merror[39m]: C:\FullStack N21\Exam\trainingService\controllers\enrollment.controller.js:121
      include: [
      ^^^^^^^

SyntaxError: Unexpected identifier 'include'
    at wrapSafe (node:internal/modules/cjs/loader:1486:18)
    at Module._compile (node:internal/modules/cjs/loader:1528:20)
    at Object..js (node:internal/modules/cjs/loader:1706:10)
    at Module.load (node:internal/modules/cjs/loader:1289:32)
    at Function._load (node:internal/modules/cjs/loader:1108:12)
    at TracingChannel.traceSync (node:diagnostics_channel:322:14)
    at wrapModuleLoad (node:internal/modules/cjs/loader:220:24)
    at Module.require (node:internal/modules/cjs/loader:1311:12)
    at require (node:internal/modules/helpers:136:16)
    at Object.<anonymous> (C:\FullStack N21\Exam\trainingService\routes\enrollment.routes.js:10:5)
2025-06-12 18:06:32 [[31merror[39m]: C:\FullStack N21\Exam\trainingService\controllers\enrollment.controller.js:121
      include: [
      ^^^^^^^

SyntaxError: Unexpected identifier 'include'
    at wrapSafe (node:internal/modules/cjs/loader:1486:18)
    at Module._compile (node:internal/modules/cjs/loader:1528:20)
    at Object..js (node:internal/modules/cjs/loader:1706:10)
    at Module.load (node:internal/modules/cjs/loader:1289:32)
    at Function._load (node:internal/modules/cjs/loader:1108:12)
    at TracingChannel.traceSync (node:diagnostics_channel:322:14)
    at wrapModuleLoad (node:internal/modules/cjs/loader:220:24)
    at Module.require (node:internal/modules/cjs/loader:1311:12)
    at require (node:internal/modules/helpers:136:16)
    at Object.<anonymous> (C:\FullStack N21\Exam\trainingService\routes\enrollment.routes.js:10:5)
2025-06-12 18:06:37 [[31merror[39m]: C:\FullStack N21\Exam\trainingService\controllers\enrollment.controller.js:121
      include: [
      ^^^^^^^

SyntaxError: Unexpected identifier 'include'
    at wrapSafe (node:internal/modules/cjs/loader:1486:18)
    at Module._compile (node:internal/modules/cjs/loader:1528:20)
    at Object..js (node:internal/modules/cjs/loader:1706:10)
    at Module.load (node:internal/modules/cjs/loader:1289:32)
    at Function._load (node:internal/modules/cjs/loader:1108:12)
    at TracingChannel.traceSync (node:diagnostics_channel:322:14)
    at wrapModuleLoad (node:internal/modules/cjs/loader:220:24)
    at Module.require (node:internal/modules/cjs/loader:1311:12)
    at require (node:internal/modules/helpers:136:16)
    at Object.<anonymous> (C:\FullStack N21\Exam\trainingService\routes\enrollment.routes.js:10:5)
2025-06-12 18:06:37 [[31merror[39m]: C:\FullStack N21\Exam\trainingService\controllers\enrollment.controller.js:121
      include: [
      ^^^^^^^

SyntaxError: Unexpected identifier 'include'
    at wrapSafe (node:internal/modules/cjs/loader:1486:18)
    at Module._compile (node:internal/modules/cjs/loader:1528:20)
    at Object..js (node:internal/modules/cjs/loader:1706:10)
    at Module.load (node:internal/modules/cjs/loader:1289:32)
    at Function._load (node:internal/modules/cjs/loader:1108:12)
    at TracingChannel.traceSync (node:diagnostics_channel:322:14)
    at wrapModuleLoad (node:internal/modules/cjs/loader:220:24)
    at Module.require (node:internal/modules/cjs/loader:1311:12)
    at require (node:internal/modules/helpers:136:16)
    at Object.<anonymous> (C:\FullStack N21\Exam\trainingService\routes\enrollment.routes.js:10:5)
2025-06-12 18:06:41 [[31merror[39m]: C:\FullStack N21\Exam\trainingService\controllers\enrollment.controller.js:121
      include: [
      ^^^^^^^

SyntaxError: Unexpected identifier 'include'
    at wrapSafe (node:internal/modules/cjs/loader:1486:18)
    at Module._compile (node:internal/modules/cjs/loader:1528:20)
    at Object..js (node:internal/modules/cjs/loader:1706:10)
    at Module.load (node:internal/modules/cjs/loader:1289:32)
    at Function._load (node:internal/modules/cjs/loader:1108:12)
    at TracingChannel.traceSync (node:diagnostics_channel:322:14)
    at wrapModuleLoad (node:internal/modules/cjs/loader:220:24)
    at Module.require (node:internal/modules/cjs/loader:1311:12)
    at require (node:internal/modules/helpers:136:16)
    at Object.<anonymous> (C:\FullStack N21\Exam\trainingService\routes\enrollment.routes.js:10:5)
2025-06-12 18:06:41 [[31merror[39m]: C:\FullStack N21\Exam\trainingService\controllers\enrollment.controller.js:121
      include: [
      ^^^^^^^

SyntaxError: Unexpected identifier 'include'
    at wrapSafe (node:internal/modules/cjs/loader:1486:18)
    at Module._compile (node:internal/modules/cjs/loader:1528:20)
    at Object..js (node:internal/modules/cjs/loader:1706:10)
    at Module.load (node:internal/modules/cjs/loader:1289:32)
    at Function._load (node:internal/modules/cjs/loader:1108:12)
    at TracingChannel.traceSync (node:diagnostics_channel:322:14)
    at wrapModuleLoad (node:internal/modules/cjs/loader:220:24)
    at Module.require (node:internal/modules/cjs/loader:1311:12)
    at require (node:internal/modules/helpers:136:16)
    at Object.<anonymous> (C:\FullStack N21\Exam\trainingService\routes\enrollment.routes.js:10:5)
2025-06-12 18:06:45 [[31merror[39m]: C:\FullStack N21\Exam\trainingService\controllers\enrollment.controller.js:121
      include: [
      ^^^^^^^

SyntaxError: Unexpected identifier 'include'
    at wrapSafe (node:internal/modules/cjs/loader:1486:18)
    at Module._compile (node:internal/modules/cjs/loader:1528:20)
    at Object..js (node:internal/modules/cjs/loader:1706:10)
    at Module.load (node:internal/modules/cjs/loader:1289:32)
    at Function._load (node:internal/modules/cjs/loader:1108:12)
    at TracingChannel.traceSync (node:diagnostics_channel:322:14)
    at wrapModuleLoad (node:internal/modules/cjs/loader:220:24)
    at Module.require (node:internal/modules/cjs/loader:1311:12)
    at require (node:internal/modules/helpers:136:16)
    at Object.<anonymous> (C:\FullStack N21\Exam\trainingService\routes\enrollment.routes.js:10:5)
2025-06-12 18:06:45 [[31merror[39m]: C:\FullStack N21\Exam\trainingService\controllers\enrollment.controller.js:121
      include: [
      ^^^^^^^

SyntaxError: Unexpected identifier 'include'
    at wrapSafe (node:internal/modules/cjs/loader:1486:18)
    at Module._compile (node:internal/modules/cjs/loader:1528:20)
    at Object..js (node:internal/modules/cjs/loader:1706:10)
    at Module.load (node:internal/modules/cjs/loader:1289:32)
    at Function._load (node:internal/modules/cjs/loader:1108:12)
    at TracingChannel.traceSync (node:diagnostics_channel:322:14)
    at wrapModuleLoad (node:internal/modules/cjs/loader:220:24)
    at Module.require (node:internal/modules/cjs/loader:1311:12)
    at require (node:internal/modules/helpers:136:16)
    at Object.<anonymous> (C:\FullStack N21\Exam\trainingService\routes\enrollment.routes.js:10:5)
2025-06-13 10:36:49 [[31merror[39m]: C:\FullStack N21\Exam\trainingService\controllers\buildings.controller.js:39
    const building = await Buildings.findByPk(id });
                                              ^^

SyntaxError: missing ) after argument list
    at wrapSafe (node:internal/modules/cjs/loader:1486:18)
    at Module._compile (node:internal/modules/cjs/loader:1528:20)
    at Object..js (node:internal/modules/cjs/loader:1706:10)
    at Module.load (node:internal/modules/cjs/loader:1289:32)
    at Function._load (node:internal/modules/cjs/loader:1108:12)
    at TracingChannel.traceSync (node:diagnostics_channel:322:14)
    at wrapModuleLoad (node:internal/modules/cjs/loader:220:24)
    at Module.require (node:internal/modules/cjs/loader:1311:12)
    at require (node:internal/modules/helpers:136:16)
    at Object.<anonymous> (C:\FullStack N21\Exam\trainingService\routes\building.routes.js:8:5)
2025-06-13 10:37:20 [[31merror[39m]: C:\FullStack N21\Exam\trainingService\controllers\buildings.controller.js:60
    const building = await Buildings.findByPk(id });
                                              ^^

SyntaxError: missing ) after argument list
    at wrapSafe (node:internal/modules/cjs/loader:1486:18)
    at Module._compile (node:internal/modules/cjs/loader:1528:20)
    at Object..js (node:internal/modules/cjs/loader:1706:10)
    at Module.load (node:internal/modules/cjs/loader:1289:32)
    at Function._load (node:internal/modules/cjs/loader:1108:12)
    at TracingChannel.traceSync (node:diagnostics_channel:322:14)
    at wrapModuleLoad (node:internal/modules/cjs/loader:220:24)
    at Module.require (node:internal/modules/cjs/loader:1311:12)
    at require (node:internal/modules/helpers:136:16)
    at Object.<anonymous> (C:\FullStack N21\Exam\trainingService\routes\building.routes.js:8:5)
2025-06-13 10:56:43 [[31merror[39m]: C:\FullStack N21\Exam\trainingService\middlewares\guards\admin-self.guard.js:5
    if (req.params.id != req.admin.id || ) {
                                         ^

SyntaxError: Unexpected token ')'
    at wrapSafe (node:internal/modules/cjs/loader:1486:18)
    at Module._compile (node:internal/modules/cjs/loader:1528:20)
    at Object..js (node:internal/modules/cjs/loader:1706:10)
    at Module.load (node:internal/modules/cjs/loader:1289:32)
    at Function._load (node:internal/modules/cjs/loader:1108:12)
    at TracingChannel.traceSync (node:diagnostics_channel:322:14)
    at wrapModuleLoad (node:internal/modules/cjs/loader:220:24)
    at Module.require (node:internal/modules/cjs/loader:1311:12)
    at require (node:internal/modules/helpers:136:16)
    at Object.<anonymous> (C:\FullStack N21\Exam\trainingService\routes\admin.routes.js:14:24)
2025-06-13 11:09:41 [[31merror[39m]: C:\FullStack N21\Exam\trainingService\controllers\attendance.controller.js:402025-06-13 15:22:02 [[31merror[39m]: C:\FullStack N21\Exam\trainingService\controllers\admin.controller.js:205
    const admin = await Admin.findOne({ activation_link: link } });
                                                              ^

SyntaxError: missing ) after argument list
    at wrapSafe (node:internal/modules/cjs/loader:1486:18)
    at Module._compile (node:internal/modules/cjs/loader:1528:20)
    at Object..js (node:internal/modules/cjs/loader:1706:10)
    at Module.load (node:internal/modules/cjs/loader:1289:32)
    at Function._load (node:internal/modules/cjs/loader:1108:12)
    at TracingChannel.traceSync (node:diagnostics_channel:322:14)
    at wrapModuleLoad (node:internal/modules/cjs/loader:220:24)
    at Module.require (node:internal/modules/cjs/loader:1311:12)
    at require (node:internal/modules/helpers:136:16)
    at Object.<anonymous> (C:\FullStack N21\Exam\trainingService\routes\admin.routes.js:12:5)
2025-06-13 15:29:36 [[31merror[39m]: C:\FullStack N21\Exam\trainingService\models\admin.model.js:43
  {
  ^

SyntaxError: Unexpected token '{'
    at wrapSafe (node:internal/modules/cjs/loader:1486:18)
    at Module._compile (node:internal/modules/cjs/loader:1528:20)
    at Object..js (node:internal/modules/cjs/loader:1706:10)
    at Module.load (node:internal/modules/cjs/loader:1289:32)
    at Function._load (node:internal/modules/cjs/loader:1108:12)
    at TracingChannel.traceSync (node:diagnostics_channel:322:14)
    at wrapModuleLoad (node:internal/modules/cjs/loader:220:24)
    at Module.require (node:internal/modules/cjs/loader:1311:12)
    at require (node:internal/modules/helpers:136:16)
    at Object.<anonymous> (C:\FullStack N21\Exam\trainingService\controllers\admin.controller.js:2:15)
